<?xml version="1.0" encoding="UTF-8"?>
<!-- Generated by org.testng.reporters.JUnitReportReporter -->
<testsuite hostname="ATMECSINLT-1189" failures="0" tests="1" name="seleniumDemo.AmazonRating" time="11.979" errors="0" timestamp="2022-06-13T11:03:08 IST" skipped="0">
  <testcase classname="seleniumDemo.AmazonRating" name="rating" time="11.979"/>
  <system-out/>
</testsuite> <!-- seleniumDemo.AmazonRating -->
