<?xml version="1.0" encoding="UTF-8"?>
<!-- Generated by org.testng.reporters.JUnitReportReporter -->
<testsuite hostname="ATMECSINLT-1189" failures="0" tests="10" name="seleniumDemo.WebTable" time="24.256" errors="0" timestamp="2022-06-09T13:20:12 IST" skipped="0">
  <testcase classname="seleniumDemo.WebTable" name="getWebsite" time="23.529"/>
  <system-out/>
  <testcase classname="seleniumDemo.WebTable" name="scrollWebsite" time="0.024"/>
  <system-out/>
  <testcase classname="seleniumDemo.WebTable" name="tableHeaders" time="0.150"/>
  <system-out/>
  <testcase classname="seleniumDemo.WebTable" name="listElementsInList" time="0.090"/>
  <system-out/>
  <testcase classname="seleniumDemo.WebTable" name="burjKalifaDetails" time="0.051"/>
  <system-out/>
  <testcase classname="seleniumDemo.WebTable" name="clockTowerHotelDetails" time="0.052"/>
  <system-out/>
  <testcase classname="seleniumDemo.WebTable" name="taipei101Dteails" time="0.048"/>
  <system-out/>
  <testcase classname="seleniumDemo.WebTable" name="financialCenterDetails" time="0.048"/>
  <system-out/>
  <testcase classname="seleniumDemo.WebTable" name="height" time="0.157"/>
  <system-out/>
  <testcase classname="seleniumDemo.WebTable" name="VerifyColumnValue" time="0.107"/>
  <system-out/>
</testsuite> <!-- seleniumDemo.WebTable -->
