<?xml version="1.0" encoding="UTF-8"?>
<!-- Generated by org.testng.reporters.JUnitReportReporter -->
<testsuite hostname="ATMECSINLT-1189" failures="0" tests="1" name="seleniumDemo.Flipcard" time="19.249" errors="0" timestamp="2022-06-13T17:32:25 IST" skipped="0">
  <testcase classname="seleniumDemo.Flipcard" name="rating" time="19.249"/>
  <system-out/>
</testsuite> <!-- seleniumDemo.Flipcard -->
