<?xml version="1.0" encoding="UTF-8"?>
<!-- Generated by org.testng.reporters.JUnitReportReporter -->
<testsuite hostname="ATMECSINLT-1189" failures="0" tests="1" name="seleniumDemo.AmazonProductList" time="57.520" errors="0" timestamp="2022-06-01T14:50:58 IST" skipped="0">
  <testcase classname="seleniumDemo.AmazonProductList" name="searchList" time="57.520"/>
  <system-out/>
</testsuite> <!-- seleniumDemo.AmazonProductList -->
